<?xml version="1.0" encoding="UTF-8"?>
<!-- Generated by org.testng.reporters.JUnitReportReporter -->
<testsuite hostname="DESKTOP-9PBD117" failures="0" tests="1" name="scripts.Test0" time="0.008" errors="0" timestamp="2022-10-05T13:35:06 IST" skipped="0">
  <testcase classname="scripts.Test0" name="tc1" time="0.008"/>
  <system-out>
    <![CDATA[hello java]]>
  </system-out>
</testsuite> <!-- scripts.Test0 -->
