<?xml version="1.0" encoding="UTF-8"?>
<!-- Generated by org.testng.reporters.JUnitReportReporter -->
<testsuite hostname="DESKTOP-9PBD117" failures="0" tests="1" name="scripts.Test3" time="0.012" errors="0" timestamp="2022-10-05T13:35:06 IST" skipped="0">
  <testcase classname="scripts.Test3" name="tc1" time="0.012"/>
  <system-out>
    <![CDATA[hello pythonSelenium]]>
  </system-out>
</testsuite> <!-- scripts.Test3 -->
