<?xml version="1.0" encoding="UTF-8"?>
<!-- Generated by org.testng.reporters.JUnitReportReporter -->
<testsuite hostname="DESKTOP-9PBD117" failures="0" tests="1" name="scripts.Test2" time="0.002" errors="0" timestamp="2022-10-05T13:35:06 IST" skipped="0">
  <testcase classname="scripts.Test2" name="tc1" time="0.002"/>
  <system-out>
    <![CDATA[hello javaSelenium]]>
  </system-out>
</testsuite> <!-- scripts.Test2 -->
