<?xml version="1.0" encoding="UTF-8"?>
<!-- Generated by org.testng.reporters.JUnitReportReporter -->
<testsuite hostname="DESKTOP-9PBD117" failures="0" tests="1" name="scripts.Test1" time="0.004" errors="0" timestamp="2022-10-05T13:35:06 IST" skipped="0">
  <testcase classname="scripts.Test1" name="tc2" time="0.004"/>
  <system-out>
    <![CDATA[hello python]]>
  </system-out>
</testsuite> <!-- scripts.Test1 -->
